{"uuid":"53b8f2a4-86ef-46ea-b36f-36b4c87b9b0e","historyId":"cb21afae3bdf8dde7bef8641ded6f2f5","fullName":"com.spotify.oauth2.tests.PlaylistTests.ShouldNotBeAbleToCreateAPlayListWithExpiredToken","labels":[{"name":"package","value":"com.spotify.oauth2.tests.PlaylistTests"},{"name":"testClass","value":"com.spotify.oauth2.tests.PlaylistTests"},{"name":"testMethod","value":"ShouldNotBeAbleToCreateAPlayListWithExpiredToken"},{"name":"parentSuite","value":"Default Suite"},{"name":"suite","value":"RestAssuredFramework"},{"name":"subSuite","value":"com.spotify.oauth2.tests.PlaylistTests"},{"name":"host","value":"PC068"},{"name":"thread","value":"19032@PC068.main(1)"},{"name":"framework","value":"testng"},{"name":"language","value":"java"},{"name":"story","value":"Create a playlist story"},{"name":"feature","value":"Playlist API"},{"name":"epic","value":"Spotify Oauth 2.0"}],"links":[],"name":"ShouldNotBeAbleToCreateAPlayListWithExpiredToken","status":"failed","statusDetails":{"known":false,"muted":false,"flaky":false,"message":"\nExpected: \"Invalid access token\"\n     but: was \"The access token expired\"","trace":"java.lang.AssertionError: \nExpected: \"Invalid access token\"\n     but: was \"The access token expired\"\r\n\tat org.hamcrest.MatcherAssert.assertThat(MatcherAssert.java:18)\r\n\tat org.hamcrest.MatcherAssert.assertThat(MatcherAssert.java:6)\r\n\tat com.spotify.oauth2.tests.PlaylistTests.assertError(PlaylistTests.java:112)\r\n\tat com.spotify.oauth2.tests.PlaylistTests.ShouldNotBeAbleToCreateAPlayListWithExpiredToken(PlaylistTests.java:82)\r\n\tat java.base/jdk.internal.reflect.DirectMethodHandleAccessor.invoke(DirectMethodHandleAccessor.java:104)\r\n\tat java.base/java.lang.reflect.Method.invoke(Method.java:577)\r\n\tat org.testng.internal.invokers.MethodInvocationHelper.invokeMethod(MethodInvocationHelper.java:139)\r\n\tat org.testng.internal.invokers.TestInvoker.invokeMethod(TestInvoker.java:677)\r\n\tat org.testng.internal.invokers.TestInvoker.invokeTestMethod(TestInvoker.java:221)\r\n\tat org.testng.internal.invokers.MethodRunner.runInSequence(MethodRunner.java:50)\r\n\tat org.testng.internal.invokers.TestInvoker$MethodInvocationAgent.invoke(TestInvoker.java:962)\r\n\tat org.testng.internal.invokers.TestInvoker.invokeTestMethods(TestInvoker.java:194)\r\n\tat org.testng.internal.invokers.TestMethodWorker.invokeTestMethods(TestMethodWorker.java:148)\r\n\tat org.testng.internal.invokers.TestMethodWorker.run(TestMethodWorker.java:128)\r\n\tat java.base/java.util.ArrayList.forEach(ArrayList.java:1511)\r\n\tat org.testng.TestRunner.privateRun(TestRunner.java:806)\r\n\tat org.testng.TestRunner.run(TestRunner.java:601)\r\n\tat org.testng.SuiteRunner.runTest(SuiteRunner.java:433)\r\n\tat org.testng.SuiteRunner.runSequentially(SuiteRunner.java:427)\r\n\tat org.testng.SuiteRunner.privateRun(SuiteRunner.java:387)\r\n\tat org.testng.SuiteRunner.run(SuiteRunner.java:330)\r\n\tat org.testng.SuiteRunnerWorker.runSuite(SuiteRunnerWorker.java:52)\r\n\tat org.testng.SuiteRunnerWorker.run(SuiteRunnerWorker.java:95)\r\n\tat org.testng.TestNG.runSuitesSequentially(TestNG.java:1256)\r\n\tat org.testng.TestNG.runSuitesLocally(TestNG.java:1176)\r\n\tat org.testng.TestNG.runSuites(TestNG.java:1099)\r\n\tat org.testng.TestNG.run(TestNG.java:1067)\r\n\tat com.intellij.rt.testng.IDEARemoteTestNG.run(IDEARemoteTestNG.java:66)\r\n\tat com.intellij.rt.testng.RemoteTestNGStarter.main(RemoteTestNGStarter.java:109)\r\n"},"stage":"finished","steps":[{"name":"playlistBuilder","status":"passed","stage":"finished","steps":[],"attachments":[],"parameters":[{"name":"name","value":""},{"name":"description","value":"Updated Description"},{"name":"_public","value":"false"}],"start":1658244753996,"stop":1658244753996},{"name":"assertStatusCode","status":"passed","stage":"finished","steps":[],"attachments":[],"parameters":[{"name":"actualStatusCode","value":"401"},{"name":"expectedStatusCode","value":"401"}],"start":1658244754188,"stop":1658244754188},{"name":"assertError","status":"failed","statusDetails":{"known":false,"muted":false,"flaky":false,"message":"\nExpected: \"Invalid access token\"\n     but: was \"The access token expired\"","trace":"java.lang.AssertionError: \nExpected: \"Invalid access token\"\n     but: was \"The access token expired\"\r\n\tat org.hamcrest.MatcherAssert.assertThat(MatcherAssert.java:18)\r\n\tat org.hamcrest.MatcherAssert.assertThat(MatcherAssert.java:6)\r\n\tat com.spotify.oauth2.tests.PlaylistTests.assertError(PlaylistTests.java:112)\r\n\tat com.spotify.oauth2.tests.PlaylistTests.ShouldNotBeAbleToCreateAPlayListWithExpiredToken(PlaylistTests.java:82)\r\n\tat java.base/jdk.internal.reflect.DirectMethodHandleAccessor.invoke(DirectMethodHandleAccessor.java:104)\r\n\tat java.base/java.lang.reflect.Method.invoke(Method.java:577)\r\n\tat org.testng.internal.invokers.MethodInvocationHelper.invokeMethod(MethodInvocationHelper.java:139)\r\n\tat org.testng.internal.invokers.TestInvoker.invokeMethod(TestInvoker.java:677)\r\n\tat org.testng.internal.invokers.TestInvoker.invokeTestMethod(TestInvoker.java:221)\r\n\tat org.testng.internal.invokers.MethodRunner.runInSequence(MethodRunner.java:50)\r\n\tat org.testng.internal.invokers.TestInvoker$MethodInvocationAgent.invoke(TestInvoker.java:962)\r\n\tat org.testng.internal.invokers.TestInvoker.invokeTestMethods(TestInvoker.java:194)\r\n\tat org.testng.internal.invokers.TestMethodWorker.invokeTestMethods(TestMethodWorker.java:148)\r\n\tat org.testng.internal.invokers.TestMethodWorker.run(TestMethodWorker.java:128)\r\n\tat java.base/java.util.ArrayList.forEach(ArrayList.java:1511)\r\n\tat org.testng.TestRunner.privateRun(TestRunner.java:806)\r\n\tat org.testng.TestRunner.run(TestRunner.java:601)\r\n\tat org.testng.SuiteRunner.runTest(SuiteRunner.java:433)\r\n\tat org.testng.SuiteRunner.runSequentially(SuiteRunner.java:427)\r\n\tat org.testng.SuiteRunner.privateRun(SuiteRunner.java:387)\r\n\tat org.testng.SuiteRunner.run(SuiteRunner.java:330)\r\n\tat org.testng.SuiteRunnerWorker.runSuite(SuiteRunnerWorker.java:52)\r\n\tat org.testng.SuiteRunnerWorker.run(SuiteRunnerWorker.java:95)\r\n\tat org.testng.TestNG.runSuitesSequentially(TestNG.java:1256)\r\n\tat org.testng.TestNG.runSuitesLocally(TestNG.java:1176)\r\n\tat org.testng.TestNG.runSuites(TestNG.java:1099)\r\n\tat org.testng.TestNG.run(TestNG.java:1067)\r\n\tat com.intellij.rt.testng.IDEARemoteTestNG.run(IDEARemoteTestNG.java:66)\r\n\tat com.intellij.rt.testng.RemoteTestNGStarter.main(RemoteTestNGStarter.java:109)\r\n"},"stage":"finished","steps":[],"attachments":[],"parameters":[{"name":"responseErr","value":"com.spotify.oauth2.pojo.Error@6529b078"},{"name":"expectedStatusCode","value":"401"},{"name":"expectedMsg","value":"Invalid access token"}],"start":1658244754188,"stop":1658244754188}],"attachments":[{"name":"Request","source":"a2670c86-9fdf-43c9-894d-539ca03bdf85-attachment.html","type":"text/html"},{"name":"HTTP/1.1 401 Unauthorized","source":"0f9aa58e-e5cb-4361-bd0c-d0af48e61ba6-attachment.html","type":"text/html"}],"parameters":[],"start":1658244753996,"stop":1658244754188}